# List of loaded electron processes to BOLSIG+ solver.
# Can be used as references for reaction rates in input kinetics.
C1_N2_Elastic
N2->N2(ROT)
N2->N2(V1RES)
N2->N2(V1)
N2->N2(V2)
N2->N2(V3)
N2->N2(V4)
N2->N2(V5)
N2->N2(V6)
N2->N2(V7)
N2->N2(V8)
N2->N2(A3,V0-4)
N2->N2(A3,V5-9)
N2->N2(B3)
N2->N2(W3)
N2->N2(A3,V10-)
N2->N2(B'3)
N2->N2(A`1)
N2->N2(A1)
N2->N2(W1)
N2->N2(C3)
N2->N2(E3)
N2->N2(A"1)
N2->N2(SUM)
N2->N2^+
N2(V1)->N2
N2(V2)->N2
N2(V3)->N2
N2(V4)->N2
N2(V5)->N2
N2(V6)->N2
N2(V7)->N2
N2(V8)->N2
C34_H2_Effective_(momentum)
H2->H2(J0-2)
H2->H2(J1-3)
H2->H2(V1)
H2->H2(V2)
H2->H2(V3)
H2->H2(B3SIG)
H2->H2(B1SIG)
H2->H2(C3PI)
H2->H2(A3SIG)
H2->H2(C1PI)(12.4EV)
H2->H2(G1SIG)
H2->H2(D3PI)
H2->H(N=2)
H2->H2(RYDBERG_SUM)
H2->H(N=3)
H2->H2^+
H2(V1)->H2
H2(V2)->H2
H2(V3)->H2
H2(B3SIG)->H2
H2(B1SIG)->H2
H2(C3PI)->H2
H2(A3SIG)->H2
